<?xml version="1.0" encoding="UTF-8"?>
<testsuite xmlns:xsi="http://www.w3.org/2001/XMLSchema-instance" xsi:noNamespaceSchemaLocation="https://maven.apache.org/surefire/maven-surefire-plugin/xsd/surefire-test-report-3.0.xsd" version="3.0" name="com.tjmg.kafka.connect.lpadmerge.LpadMergeTransformerTest" time="0.104" tests="9" errors="0" skipped="0" failures="0">
  <properties>
[...]
</properties>
  <testcase name="shouldLpadAndMergeToInt64" classname="com.tjmg.kafka.connect.lpadmerge.LpadMergeTransformerTest" time="0.029">
    <system-err><![CDATA[SLF4J: Failed to load class "org.slf4j.impl.StaticLoggerBinder".
SLF4J: Defaulting to no-operation (NOP) logger implementation
SLF4J: See http://www.slf4j.org/codes.html#StaticLoggerBinder for further details.
]]></system-err>
  </testcase>
  <testcase name="shouldHandleTombstoneWhenMergedToKey" classname="com.tjmg.kafka.connect.lpadmerge.LpadMergeTransformerTest" time="0.0"/>
  <testcase name="shouldLpadAndMergeToString" classname="com.tjmg.kafka.connect.lpadmerge.LpadMergeTransformerTest" time="0.0"/>
  <testcase name="shouldHandleNestedFields" classname="com.tjmg.kafka.connect.lpadmerge.LpadMergeTransformerTest" time="0.0"/>
  <testcase name="shouldHandleSchemalessRecords" classname="com.tjmg.kafka.connect.lpadmerge.LpadMergeTransformerTest" time="0.0"/>
  <testcase name="shouldLpadAndMergeToKey" classname="com.tjmg.kafka.connect.lpadmerge.LpadMergeTransformerTest" time="0.0"/>
  <testcase name="shouldHandleNullValues" classname="com.tjmg.kafka.connect.lpadmerge.LpadMergeTransformerTest" time="0.0"/>
  <testcase name="shouldThrowErrorOnInvalidConversion" classname="com.tjmg.kafka.connect.lpadmerge.LpadMergeTransformerTest" time="0.0"/>
  <testcase name="shouldLpadAndMergeToDecimal" classname="com.tjmg.kafka.connect.lpadmerge.LpadMergeTransformerTest" time="0.002"/>
</testsuite>